{
  "RSpec": {
    "coverage": {
      "/media/gianghoangdev/DATA/for coderschool/CoderTicket/spec/controllers/application_controller_spec.rb": [

      ],
      "/media/gianghoangdev/DATA/for coderschool/CoderTicket/spec/controllers/events_controller_spec.rb": [
        1,
        null,
        1,
        null,
        1,
        2,
        null,
        null,
        1,
        1,
        null,
        null,
        1,
        null,
        2,
        null,
        1,
        1,
        1,
        1,
        null,
        null,
        1,
        1,
        1,
        1,
        1,
        null,
        1,
        1,
        null,
        null,
        1,
        1,
        1,
        1,
        1,
        1,
        1,
        null,
        1,
        1,
        null,
        null,
        null,
        1,
        1,
        1,
        1,
        1,
        null,
        null,
        null,
        1,
        1,
        1,
        1,
        null,
        null,
        null,
        1,
        1,
        1,
        1,
        1,
        null,
        null,
        null,
        1,
        1,
        0,
        null,
        null,
        null,
        1,
        1,
        1,
        0,
        null,
        null,
        null,
        null
      ],
      "/media/gianghoangdev/DATA/for coderschool/CoderTicket/spec/rails_helper.rb": [
        null,
        1,
        1,
        null,
        1,
        1,
        1,
        1,
        1,
        1,
        null,
        null,
        null,
        null,
        null,
        null,
        null,
        null,
        null,
        null,
        null,
        null,
        null,
        null,
        null,
        null,
        null,
        null,
        null,
        null,
        1,
        null,
        1,
        null,
        null,
        null,
        null,
        null,
        1,
        null,
        1,
        1,
        1,
        1,
        null,
        null,
        1,
        1,
        59,
        null,
        1,
        59,
        null,
        null,
        1,
        null,
        null,
        null,
        null,
        null,
        null,
        null,
        null,
        null,
        null,
        null,
        null,
        null,
        1,
        null,
        null,
        1,
        null,
        null,
        null
      ],
      "/media/gianghoangdev/DATA/for coderschool/CoderTicket/config/environment.rb": [
        null,
        1,
        null,
        null,
        1
      ],
      "/media/gianghoangdev/DATA/for coderschool/CoderTicket/config/application.rb": [
        1,
        null,
        1,
        null,
        null,
        null,
        1,
        null,
        1,
        1,
        null,
        null,
        null,
        null,
        null,
        null,
        null,
        null,
        null,
        null,
        null,
        null,
        null,
        null,
        null,
        null
      ],
      "/media/gianghoangdev/DATA/for coderschool/CoderTicket/config/boot.rb": [
        1,
        null,
        1,
        null,
        null,
        1,
        1,
        1,
        1,
        1,
        0,
        null,
        null,
        null
      ],
      "/media/gianghoangdev/DATA/for coderschool/CoderTicket/config/environments/test.rb": [
        1,
        null,
        null,
        null,
        null,
        null,
        null,
        1,
        null,
        null,
        null,
        null,
        1,
        null,
        null,
        1,
        1,
        null,
        null,
        1,
        1,
        null,
        null,
        1,
        null,
        null,
        1,
        null,
        null,
        null,
        null,
        1,
        null,
        null,
        1,
        null,
        null,
        1,
        null,
        null,
        null,
        null
      ],
      "/media/gianghoangdev/DATA/for coderschool/CoderTicket/config/initializers/assets.rb": [
        null,
        null,
        null,
        1,
        null,
        null,
        null,
        null,
        null,
        null,
        null
      ],
      "/media/gianghoangdev/DATA/for coderschool/CoderTicket/config/initializers/backtrace_silencers.rb": [
        null,
        null,
        null,
        null,
        null,
        null,
        null
      ],
      "/media/gianghoangdev/DATA/for coderschool/CoderTicket/config/initializers/cookies_serializer.rb": [
        null,
        null,
        1
      ],
      "/media/gianghoangdev/DATA/for coderschool/CoderTicket/config/initializers/filter_parameter_logging.rb": [
        null,
        null,
        null,
        1
      ],
      "/media/gianghoangdev/DATA/for coderschool/CoderTicket/config/initializers/inflections.rb": [
        null,
        null,
        null,
        null,
        null,
        null,
        null,
        null,
        null,
        null,
        null,
        null,
        null,
        null,
        null,
        null
      ],
      "/media/gianghoangdev/DATA/for coderschool/CoderTicket/config/initializers/mime_types.rb": [
        null,
        null,
        null,
        null
      ],
      "/media/gianghoangdev/DATA/for coderschool/CoderTicket/config/initializers/session_store.rb": [
        null,
        null,
        1
      ],
      "/media/gianghoangdev/DATA/for coderschool/CoderTicket/config/initializers/simple_form.rb": [
        null,
        1,
        null,
        null,
        null,
        null,
        null,
        1,
        null,
        null,
        null,
        null,
        null,
        null,
        null,
        null,
        null,
        1,
        null,
        null,
        null,
        1,
        null,
        null,
        null,
        null,
        null,
        null,
        null,
        null,
        1,
        null,
        null,
        1,
        null,
        null,
        1,
        null,
        null,
        1,
        null,
        null,
        1,
        1,
        1,
        null,
        null,
        null,
        null,
        null,
        null,
        null,
        null,
        null,
        1,
        null,
        null,
        null,
        null,
        null,
        1,
        null,
        null,
        1,
        null,
        null,
        null,
        null,
        null,
        null,
        null,
        1,
        null,
        null,
        1,
        null,
        null,
        null,
        null,
        null,
        null,
        null,
        null,
        null,
        null,
        null,
        null,
        null,
        null,
        null,
        null,
        null,
        null,
        null,
        null,
        null,
        null,
        null,
        null,
        null,
        null,
        null,
        null,
        null,
        null,
        null,
        null,
        null,
        null,
        null,
        null,
        null,
        null,
        null,
        null,
        null,
        null,
        null,
        null,
        1,
        null,
        null,
        null,
        null,
        null,
        null,
        null,
        null,
        null,
        null,
        null,
        null,
        null,
        null,
        null,
        null,
        null,
        null,
        null,
        null,
        null,
        null,
        null,
        null,
        null,
        null,
        null,
        null,
        null,
        null,
        null,
        null,
        null,
        null,
        null,
        null,
        1,
        null,
        null,
        null,
        null,
        null,
        null,
        null,
        null
      ],
      "/media/gianghoangdev/DATA/for coderschool/CoderTicket/config/initializers/simple_form_bootstrap.rb": [
        null,
        1,
        1,
        1,
        1,
        null,
        1,
        1,
        1,
        1,
        1,
        1,
        1,
        1,
        null,
        1,
        1,
        1,
        null,
        null,
        1,
        1,
        1,
        1,
        1,
        1,
        null,
        1,
        1,
        1,
        null,
        null,
        1,
        1,
        1,
        null,
        1,
        1,
        null,
        null,
        1,
        1,
        null,
        null,
        1,
        1,
        1,
        1,
        1,
        1,
        1,
        null,
        null,
        1,
        1,
        1,
        1,
        1,
        1,
        1,
        1,
        null,
        1,
        1,
        1,
        1,
        null,
        null,
        null,
        1,
        1,
        1,
        1,
        1,
        1,
        null,
        1,
        1,
        1,
        1,
        null,
        null,
        null,
        1,
        1,
        1,
        null,
        1,
        1,
        1,
        null,
        null,
        1,
        1,
        null,
        null,
        null,
        1,
        1,
        1,
        null,
        1,
        null,
        1,
        1,
        1,
        1,
        null,
        null,
        null,
        1,
        1,
        1,
        1,
        1,
        1,
        1,
        1,
        null,
        1,
        1,
        1,
        null,
        null,
        1,
        1,
        1,
        1,
        1,
        1,
        1,
        1,
        null,
        null,
        null,
        null,
        null,
        null,
        1,
        1,
        null,
        null,
        null,
        null,
        null,
        null,
        null,
        null,
        null
      ],
      "/media/gianghoangdev/DATA/for coderschool/CoderTicket/config/initializers/wrap_parameters.rb": [
        null,
        null,
        null,
        null,
        null,
        null,
        1,
        2,
        null,
        null,
        null,
        null,
        null,
        null
      ],
      "/media/gianghoangdev/DATA/for coderschool/CoderTicket/app/helpers/application_helper.rb": [
        1,
        1,
        0,
        null,
        null,
        1,
        0,
        0,
        0,
        0,
        0,
        null,
        null,
        null,
        null,
        null
      ],
      "/media/gianghoangdev/DATA/for coderschool/CoderTicket/app/helpers/events_helper.rb": [
        1,
        1,
        1,
        null,
        null
      ],
      "/media/gianghoangdev/DATA/for coderschool/CoderTicket/app/helpers/tickets_helper.rb": [
        1,
        null
      ],
      "/media/gianghoangdev/DATA/for coderschool/CoderTicket/app/helpers/users_helper.rb": [
        1,
        null
      ],
      "/media/gianghoangdev/DATA/for coderschool/CoderTicket/config/routes.rb": [
        1,
        1,
        1,
        null,
        1,
        1,
        null,
        1,
        1,
        1,
        1,
        null,
        1,
        1,
        null
      ],
      "/media/gianghoangdev/DATA/for coderschool/CoderTicket/app/controllers/events_controller.rb": [
        1,
        1,
        1,
        null,
        1,
        3,
        1,
        null,
        2,
        null,
        null,
        null,
        1,
        null,
        1,
        1,
        null,
        null,
        1,
        0,
        null,
        0,
        0,
        0,
        null,
        0,
        null,
        null,
        null,
        null,
        1,
        null,
        1,
        1,
        null,
        null,
        1,
        0,
        null,
        null,
        null,
        null
      ],
      "/media/gianghoangdev/DATA/for coderschool/CoderTicket/app/controllers/application_controller.rb": [
        1,
        1,
        null,
        1,
        2,
        null,
        null,
        1,
        null,
        1,
        1,
        null,
        null
      ],
      "/media/gianghoangdev/DATA/for coderschool/CoderTicket/spec/controllers/tickets_controller_spec.rb": [
        1,
        null,
        1,
        1,
        1,
        1,
        1,
        1,
        null,
        null,
        null
      ],
      "/media/gianghoangdev/DATA/for coderschool/CoderTicket/app/controllers/tickets_controller.rb": [
        1,
        1,
        1,
        null,
        null
      ],
      "/media/gianghoangdev/DATA/for coderschool/CoderTicket/spec/controllers/users_controller_spec.rb": [
        1,
        null,
        1,
        1,
        3,
        null,
        null,
        1,
        2,
        null,
        2,
        null,
        1,
        1,
        1,
        1,
        null,
        null,
        null,
        1,
        1,
        1,
        1,
        1,
        null,
        null,
        null,
        1,
        1,
        0,
        0,
        null,
        null,
        1,
        1,
        0,
        null,
        null,
        null,
        1,
        1,
        1,
        0,
        null,
        null,
        1,
        1,
        0,
        null,
        null,
        null,
        null
      ],
      "/media/gianghoangdev/DATA/for coderschool/CoderTicket/app/controllers/users_controller.rb": [
        1,
        1,
        null,
        1,
        1,
        null,
        null,
        1,
        0,
        0,
        0,
        0,
        0,
        null,
        0,
        0,
        null,
        null,
        null,
        1,
        null,
        1,
        0,
        null,
        null,
        1,
        0,
        null,
        null
      ],
      "/media/gianghoangdev/DATA/for coderschool/CoderTicket/spec/models/category_spec.rb": [
        1,
        null,
        1,
        2,
        2,
        null
      ],
      "/media/gianghoangdev/DATA/for coderschool/CoderTicket/app/models/category.rb": [
        1,
        1,
        1,
        null
      ],
      "/media/gianghoangdev/DATA/for coderschool/CoderTicket/spec/models/event_spec.rb": [
        1,
        null,
        1,
        1,
        2,
        2,
        2,
        2,
        null,
        null,
        1,
        2,
        2,
        2,
        2,
        2,
        null,
        null,
        1,
        1,
        1,
        1,
        1,
        1,
        1,
        1,
        1,
        null,
        null,
        1,
        1,
        1,
        1,
        1,
        1,
        null,
        null,
        null,
        1,
        1,
        1,
        1,
        1,
        1,
        1,
        1,
        null,
        null,
        1,
        1,
        1,
        1,
        1,
        1,
        null,
        null,
        null,
        null
      ],
      "/media/gianghoangdev/DATA/for coderschool/CoderTicket/app/models/event.rb": [
        1,
        1,
        1,
        1,
        1,
        null,
        1,
        1,
        null,
        8,
        4,
        null
      ],
      "/media/gianghoangdev/DATA/for coderschool/CoderTicket/spec/models/region_spec.rb": [
        1,
        null,
        1,
        2,
        2,
        null
      ],
      "/media/gianghoangdev/DATA/for coderschool/CoderTicket/app/models/region.rb": [
        1,
        1,
        1,
        null
      ],
      "/media/gianghoangdev/DATA/for coderschool/CoderTicket/spec/models/ticket_type_spec.rb": [
        1,
        null,
        1,
        2,
        null
      ],
      "/media/gianghoangdev/DATA/for coderschool/CoderTicket/app/models/ticket_type.rb": [
        1,
        1,
        null
      ],
      "/media/gianghoangdev/DATA/for coderschool/CoderTicket/spec/models/user_spec.rb": [
        1,
        null,
        1,
        1,
        2,
        null,
        null,
        1,
        2,
        2,
        null,
        null,
        1,
        null,
        null
      ],
      "/media/gianghoangdev/DATA/for coderschool/CoderTicket/app/models/user.rb": [
        1,
        1,
        1,
        1,
        null,
        1,
        null
      ],
      "/media/gianghoangdev/DATA/for coderschool/CoderTicket/app/models/application_record.rb": [
        1,
        1,
        null
      ],
      "/media/gianghoangdev/DATA/for coderschool/CoderTicket/spec/models/venue_spec.rb": [
        1,
        null,
        1,
        2,
        2,
        null
      ],
      "/media/gianghoangdev/DATA/for coderschool/CoderTicket/app/models/venue.rb": [
        1,
        1,
        1,
        null
      ],
      "/media/gianghoangdev/DATA/for coderschool/CoderTicket/spec/routing/events_routing_spec.rb": [
        1,
        null,
        1,
        1,
        1,
        null,
        null,
        null,
        null,
        null,
        1,
        1,
        null,
        null,
        null,
        null,
        null,
        1,
        1,
        null,
        null,
        null,
        null,
        null,
        null,
        1,
        1,
        null,
        null,
        null,
        null,
        null,
        1,
        1,
        null,
        null,
        null,
        null,
        null,
        1,
        1,
        null,
        null,
        null,
        null,
        null,
        null,
        1,
        1,
        null,
        null,
        null,
        null,
        null,
        null,
        1,
        1,
        null,
        null,
        null,
        null,
        null,
        null
      ],
      "/media/gianghoangdev/DATA/for coderschool/CoderTicket/spec/routing/tickets_routing_spec.rb": [
        1,
        null,
        1,
        1,
        1,
        null,
        null,
        null,
        null,
        null,
        null,
        1,
        1,
        null,
        null,
        null,
        null,
        null,
        null,
        null,
        1,
        1,
        null,
        null,
        null,
        null,
        null,
        null,
        1,
        1,
        null,
        null,
        null,
        null,
        null,
        null,
        1,
        1,
        null,
        null,
        null,
        null,
        null,
        null,
        null,
        1,
        1,
        null,
        null,
        null,
        null,
        null,
        null,
        null,
        1,
        1,
        null,
        null,
        null,
        null,
        null,
        null,
        null
      ],
      "/media/gianghoangdev/DATA/for coderschool/CoderTicket/spec/routing/users_routing_spec.rb": [
        1,
        null,
        1,
        1,
        1,
        1,
        null,
        null,
        1,
        1,
        null,
        null,
        null
      ],
      "/media/gianghoangdev/DATA/for coderschool/CoderTicket/spec/views/events/index.html.erb_spec.rb": [
        1,
        null,
        1,
        1,
        1,
        1,
        null,
        1,
        null,
        1,
        null,
        null
      ],
      "/media/gianghoangdev/DATA/for coderschool/CoderTicket/spec/views/events/show.html.erb_spec.rb": [
        1,
        null,
        1,
        1,
        1,
        1,
        null,
        1,
        null,
        1,
        1,
        null,
        null
      ],
      "/media/gianghoangdev/DATA/for coderschool/CoderTicket/spec/views/tickets/new.html.erb_spec.rb": [
        1,
        null,
        1,
        1,
        1,
        1,
        null,
        1,
        null,
        1,
        1,
        null,
        null
      ],
      "/media/gianghoangdev/DATA/for coderschool/CoderTicket/spec/views/users/new.html.erb_spec.rb": [
        1,
        null,
        1,
        1,
        1,
        null,
        null,
        null,
        null,
        null,
        1,
        1,
        null,
        1,
        null,
        1,
        null,
        1,
        null,
        null,
        null
      ],
      "/media/gianghoangdev/DATA/for coderschool/CoderTicket/spec/factories/categories.rb": [
        1,
        1,
        1,
        1,
        null,
        null
      ],
      "/media/gianghoangdev/DATA/for coderschool/CoderTicket/spec/factories/events.rb": [
        1,
        1,
        1,
        1,
        1,
        1,
        1,
        null,
        null
      ],
      "/media/gianghoangdev/DATA/for coderschool/CoderTicket/spec/factories/regions.rb": [
        1,
        1,
        1,
        1,
        null,
        null
      ],
      "/media/gianghoangdev/DATA/for coderschool/CoderTicket/spec/factories/ticket_types.rb": [
        1,
        1,
        1,
        null,
        null
      ],
      "/media/gianghoangdev/DATA/for coderschool/CoderTicket/spec/factories/venues.rb": [
        1,
        1,
        1,
        1,
        null,
        null
      ]
    },
    "timestamp": 1498990441
  }
}
